<?xml version="1.0" encoding="UTF-8"?>
<testsuite name="ComputerRepairRequestTest" tests="2" skipped="0" failures="0" errors="0" timestamp="2025-03-04T09:41:04" hostname="LAPTOP_ROLAND" time="0.044">
  <properties/>
  <testcase name="First Test" classname="ComputerRepairRequestTest" time="0.039"/>
  <testcase name="Test exemplu" classname="ComputerRepairRequestTest" time="0.002"/>
  <system-out><![CDATA[]]></system-out>
  <system-err><![CDATA[]]></system-err>
</testsuite>
