<?xml version="1.0" encoding="UTF-8"?>
<testsuite name="ComputerRepairRequestTest" tests="2" skipped="0" failures="0" errors="0" timestamp="2025-03-03T21:55:16" hostname="LAPTOP_ROLAND" time="0.019">
  <properties/>
  <testcase name="First Test" classname="ComputerRepairRequestTest" time="0.016"/>
  <testcase name="Test exemplu" classname="ComputerRepairRequestTest" time="0.001"/>
  <system-out><![CDATA[]]></system-out>
  <system-err><![CDATA[]]></system-err>
</testsuite>
